2023-11-30 11:43:48,803:INFO:CSVファイルの読み込みに成功しました。
2023-11-30 11:43:48,901:INFO:5T間隔でのデータ再サンプリングに成功しました。
2023-11-30 11:43:50,747:INFO:D:/MarketMasterAI/Def/BTCUSDT_5T.csvにデータを保存しました。
2023-11-30 11:43:54,457:INFO:CSVファイルの読み込みに成功しました。
2023-11-30 11:43:54,508:INFO:15T間隔でのデータ再サンプリングに成功しました。
2023-11-30 11:43:55,053:INFO:D:/MarketMasterAI/Def/BTCUSDT_15T.csvにデータを保存しました。
2023-11-30 11:43:58,791:INFO:CSVファイルの読み込みに成功しました。
2023-11-30 11:43:58,845:INFO:30T間隔でのデータ再サンプリングに成功しました。
2023-11-30 11:43:59,159:INFO:D:/MarketMasterAI/Def/BTCUSDT_30T.csvにデータを保存しました。
2023-11-30 11:44:02,881:INFO:CSVファイルの読み込みに成功しました。
2023-11-30 11:44:02,931:INFO:1H間隔でのデータ再サンプリングに成功しました。
2023-11-30 11:44:03,080:INFO:D:/MarketMasterAI/Def/BTCUSDT_1H.csvにデータを保存しました。
2023-11-30 11:44:06,766:INFO:CSVファイルの読み込みに成功しました。
2023-11-30 11:44:06,806:INFO:4H間隔でのデータ再サンプリングに成功しました。
2023-11-30 11:44:06,854:INFO:D:/MarketMasterAI/Def/BTCUSDT_4H.csvにデータを保存しました。
2023-11-30 11:44:10,522:INFO:CSVファイルの読み込みに成功しました。
2023-11-30 11:44:10,559:INFO:1D間隔でのデータ再サンプリングに成功しました。
2023-11-30 11:44:10,570:INFO:D:/MarketMasterAI/Def/BTCUSDT_1D.csvにデータを保存しました。
2023-11-30 11:44:13,550:INFO:すべての間隔でのデータ処理と標準化が完了しました。
2023-11-30 11:50:41,077:INFO:CSVファイルの読み込みに成功しました。
2023-11-30 11:50:41,156:INFO:5T間隔でのデータ再サンプリングに成功しました。
2023-11-30 11:50:42,755:INFO:D:/MarketMasterAI/Def/BTCUSDT_5T.csvにデータを保存しました。
2023-11-30 11:50:46,443:INFO:CSVファイルの読み込みに成功しました。
2023-11-30 11:50:46,486:INFO:15T間隔でのデータ再サンプリングに成功しました。
2023-11-30 11:50:47,040:INFO:D:/MarketMasterAI/Def/BTCUSDT_15T.csvにデータを保存しました。
2023-11-30 11:50:48,768:INFO:CSVファイルの読み込みに成功しました。
2023-11-30 11:50:48,815:INFO:30T間隔でのデータ再サンプリングに成功しました。
2023-11-30 11:50:49,088:INFO:D:/MarketMasterAI/Def/BTCUSDT_30T.csvにデータを保存しました。
2023-11-30 11:50:50,311:INFO:CSVファイルの読み込みに成功しました。
2023-11-30 11:50:50,352:INFO:1H間隔でのデータ再サンプリングに成功しました。
2023-11-30 11:50:50,496:INFO:D:/MarketMasterAI/Def/BTCUSDT_1H.csvにデータを保存しました。
2023-11-30 11:50:51,515:INFO:CSVファイルの読み込みに成功しました。
2023-11-30 11:50:51,549:INFO:4H間隔でのデータ再サンプリングに成功しました。
2023-11-30 11:50:51,598:INFO:D:/MarketMasterAI/Def/BTCUSDT_4H.csvにデータを保存しました。
2023-11-30 11:50:52,406:INFO:CSVファイルの読み込みに成功しました。
2023-11-30 11:50:52,446:INFO:1D間隔でのデータ再サンプリングに成功しました。
2023-11-30 11:50:52,468:INFO:D:/MarketMasterAI/Def/BTCUSDT_1D.csvにデータを保存しました。
2023-11-30 11:50:52,518:INFO:すべての間隔でのデータ処理と標準化が完了しました。
2023-12-04 19:45:49,529:INFO:CSVファイルの読み込みに成功しました。
2023-12-04 19:45:49,540:ERROR:データ再サンプリング中にエラーが発生しました: Only valid with DatetimeIndex, TimedeltaIndex or PeriodIndex, but got an instance of 'Index'
2023-12-04 19:45:49,540:ERROR:メイン処理中にエラーが発生しました: Only valid with DatetimeIndex, TimedeltaIndex or PeriodIndex, but got an instance of 'Index'
2023-12-04 19:48:13,193:INFO:CSVファイルの読み込みに成功しました。
2023-12-04 19:48:13,249:INFO:5T間隔でのデータ再サンプリングに成功しました。
2023-12-04 19:48:14,506:INFO:D:/MarketMasterAI/Def/BTCUSDT_5T.csvにデータを保存しました。
2023-12-04 19:48:17,207:INFO:CSVファイルの読み込みに成功しました。
2023-12-04 19:48:17,231:INFO:15T間隔でのデータ再サンプリングに成功しました。
2023-12-04 19:48:17,638:INFO:D:/MarketMasterAI/Def/BTCUSDT_15T.csvにデータを保存しました。
2023-12-04 19:48:18,823:INFO:CSVファイルの読み込みに成功しました。
2023-12-04 19:48:18,845:INFO:30T間隔でのデータ再サンプリングに成功しました。
2023-12-04 19:48:19,050:INFO:D:/MarketMasterAI/Def/BTCUSDT_30T.csvにデータを保存しました。
2023-12-04 19:48:19,862:INFO:CSVファイルの読み込みに成功しました。
2023-12-04 19:48:19,879:INFO:1H間隔でのデータ再サンプリングに成功しました。
2023-12-04 19:48:19,984:INFO:D:/MarketMasterAI/Def/BTCUSDT_1H.csvにデータを保存しました。
2023-12-04 19:48:20,616:INFO:CSVファイルの読み込みに成功しました。
2023-12-04 19:48:20,629:INFO:4H間隔でのデータ再サンプリングに成功しました。
2023-12-04 19:48:20,657:INFO:D:/MarketMasterAI/Def/BTCUSDT_4H.csvにデータを保存しました。
2023-12-04 19:48:21,159:INFO:CSVファイルの読み込みに成功しました。
2023-12-04 19:48:21,171:INFO:1D間隔でのデータ再サンプリングに成功しました。
2023-12-04 19:48:21,177:INFO:D:/MarketMasterAI/Def/BTCUSDT_1D.csvにデータを保存しました。
2023-12-04 19:48:21,192:INFO:すべての間隔でのデータ処理と標準化が完了しました。
2023-12-04 20:00:36,517:INFO:CSVファイルの読み込みに成功しました。
2023-12-04 20:00:36,566:INFO:5T間隔でのデータ再サンプリングに成功しました。
2023-12-04 20:00:38,018:INFO:D:/MarketMasterAI/Def/BTCUSDT_5T.csvにデータを保存しました。
2023-12-04 20:00:41,186:INFO:CSVファイルの読み込みに成功しました。
2023-12-04 20:00:41,210:INFO:15T間隔でのデータ再サンプリングに成功しました。
2023-12-04 20:00:41,728:INFO:D:/MarketMasterAI/Def/BTCUSDT_15T.csvにデータを保存しました。
2023-12-04 20:00:43,115:INFO:CSVファイルの読み込みに成功しました。
2023-12-04 20:00:43,134:INFO:30T間隔でのデータ再サンプリングに成功しました。
2023-12-04 20:00:43,382:INFO:D:/MarketMasterAI/Def/BTCUSDT_30T.csvにデータを保存しました。
2023-12-04 20:00:44,362:INFO:CSVファイルの読み込みに成功しました。
2023-12-04 20:00:44,382:INFO:1H間隔でのデータ再サンプリングに成功しました。
2023-12-04 20:00:44,559:INFO:D:/MarketMasterAI/Def/BTCUSDT_1H.csvにデータを保存しました。
2023-12-04 20:00:45,340:INFO:CSVファイルの読み込みに成功しました。
2023-12-04 20:00:45,353:INFO:4H間隔でのデータ再サンプリングに成功しました。
2023-12-04 20:00:45,383:INFO:D:/MarketMasterAI/Def/BTCUSDT_4H.csvにデータを保存しました。
2023-12-04 20:00:46,024:INFO:CSVファイルの読み込みに成功しました。
2023-12-04 20:00:46,037:INFO:1D間隔でのデータ再サンプリングに成功しました。
2023-12-04 20:00:46,042:INFO:D:/MarketMasterAI/Def/BTCUSDT_1D.csvにデータを保存しました。
2023-12-04 20:00:46,052:INFO:すべての間隔でのデータ処理と標準化が完了しました。
2023-12-04 20:27:47,454:INFO:CSVファイルの読み込みに成功しました。
2023-12-04 20:27:47,499:INFO:5T間隔でのデータ再サンプリングに成功しました。
2023-12-04 20:27:48,743:INFO:D:/MarketMasterAI/Def/BTCUSDT_5T.csvにデータを保存しました。
2023-12-04 20:27:51,502:INFO:CSVファイルの読み込みに成功しました。
2023-12-04 20:27:51,525:INFO:15T間隔でのデータ再サンプリングに成功しました。
2023-12-04 20:27:51,946:INFO:D:/MarketMasterAI/Def/BTCUSDT_15T.csvにデータを保存しました。
2023-12-04 20:27:53,156:INFO:CSVファイルの読み込みに成功しました。
2023-12-04 20:27:53,175:INFO:30T間隔でのデータ再サンプリングに成功しました。
2023-12-04 20:27:53,386:INFO:D:/MarketMasterAI/Def/BTCUSDT_30T.csvにデータを保存しました。
2023-12-04 20:27:54,214:INFO:CSVファイルの読み込みに成功しました。
2023-12-04 20:27:54,229:INFO:1H間隔でのデータ再サンプリングに成功しました。
2023-12-04 20:27:54,337:INFO:D:/MarketMasterAI/Def/BTCUSDT_1H.csvにデータを保存しました。
2023-12-04 20:27:54,978:INFO:CSVファイルの読み込みに成功しました。
2023-12-04 20:27:54,989:INFO:4H間隔でのデータ再サンプリングに成功しました。
2023-12-04 20:27:55,019:INFO:D:/MarketMasterAI/Def/BTCUSDT_4H.csvにデータを保存しました。
2023-12-04 20:27:55,516:INFO:CSVファイルの読み込みに成功しました。
2023-12-04 20:27:55,527:INFO:1D間隔でのデータ再サンプリングに成功しました。
2023-12-04 20:27:55,533:INFO:D:/MarketMasterAI/Def/BTCUSDT_1D.csvにデータを保存しました。
2023-12-04 20:27:55,544:INFO:すべての間隔でのデータ処理と標準化が完了しました。
2023-12-04 20:29:05,902:INFO:CSVファイルの読み込みに成功しました。
2023-12-04 20:29:05,967:INFO:5T間隔でのデータ再サンプリングに成功しました。
2023-12-04 20:29:07,455:INFO:D:/MarketMasterAI/Def/BTCUSDT_5T.csvにデータを保存しました。
2023-12-04 20:29:10,717:INFO:CSVファイルの読み込みに成功しました。
2023-12-04 20:29:10,753:INFO:15T間隔でのデータ再サンプリングに成功しました。
2023-12-04 20:29:11,261:INFO:D:/MarketMasterAI/Def/BTCUSDT_15T.csvにデータを保存しました。
2023-12-04 20:29:12,726:INFO:CSVファイルの読み込みに成功しました。
2023-12-04 20:29:12,745:INFO:30T間隔でのデータ再サンプリングに成功しました。
2023-12-04 20:29:12,998:INFO:D:/MarketMasterAI/Def/BTCUSDT_30T.csvにデータを保存しました。
2023-12-04 20:29:13,984:INFO:CSVファイルの読み込みに成功しました。
2023-12-04 20:29:14,009:INFO:1H間隔でのデータ再サンプリングに成功しました。
2023-12-04 20:29:14,150:INFO:D:/MarketMasterAI/Def/BTCUSDT_1H.csvにデータを保存しました。
2023-12-04 20:29:14,875:INFO:CSVファイルの読み込みに成功しました。
2023-12-04 20:29:14,888:INFO:4H間隔でのデータ再サンプリングに成功しました。
2023-12-04 20:29:14,931:INFO:D:/MarketMasterAI/Def/BTCUSDT_4H.csvにデータを保存しました。
2023-12-04 20:29:15,592:INFO:CSVファイルの読み込みに成功しました。
2023-12-04 20:29:15,605:INFO:1D間隔でのデータ再サンプリングに成功しました。
2023-12-04 20:29:15,609:INFO:D:/MarketMasterAI/Def/BTCUSDT_1D.csvにデータを保存しました。
2023-12-04 20:29:15,620:INFO:すべての間隔でのデータ処理と標準化が完了しました。
2023-12-05 22:11:14,203:INFO:CSVファイルの読み込みに成功しました。
2023-12-05 22:11:14,258:INFO:5T間隔でのデータ再サンプリングに成功しました。
2023-12-05 22:11:15,505:INFO:D:/MarketMasterAI/Def/BTCUSDT_5T.csvにデータを保存しました。
2023-12-05 22:11:17,797:INFO:CSVファイルの読み込みに成功しました。
2023-12-05 22:11:17,798:INFO:5T間隔でのデータ再サンプリングに成功しました。
2023-12-05 22:11:17,799:INFO:D:/MarketMasterAI/Def/retrain_BTCUSDT_5T.csvにデータを保存しました。
2023-12-05 22:11:18,267:INFO:CSVファイルの読み込みに成功しました。
2023-12-05 22:11:18,297:INFO:15T間隔でのデータ再サンプリングに成功しました。
2023-12-05 22:11:18,715:INFO:D:/MarketMasterAI/Def/BTCUSDT_15T.csvにデータを保存しました。
2023-12-05 22:11:19,473:INFO:CSVファイルの読み込みに成功しました。
2023-12-05 22:11:19,475:INFO:15T間隔でのデータ再サンプリングに成功しました。
2023-12-05 22:11:19,476:INFO:D:/MarketMasterAI/Def/retrain_BTCUSDT_15T.csvにデータを保存しました。
2023-12-05 22:11:19,934:INFO:CSVファイルの読み込みに成功しました。
2023-12-05 22:11:19,953:INFO:30T間隔でのデータ再サンプリングに成功しました。
2023-12-05 22:11:20,166:INFO:D:/MarketMasterAI/Def/BTCUSDT_30T.csvにデータを保存しました。
2023-12-05 22:11:20,562:INFO:CSVファイルの読み込みに成功しました。
2023-12-05 22:11:20,564:INFO:30T間隔でのデータ再サンプリングに成功しました。
2023-12-05 22:11:20,564:INFO:D:/MarketMasterAI/Def/retrain_BTCUSDT_30T.csvにデータを保存しました。
2023-12-05 22:11:21,030:INFO:CSVファイルの読み込みに成功しました。
2023-12-05 22:11:21,046:INFO:1H間隔でのデータ再サンプリングに成功しました。
2023-12-05 22:11:21,151:INFO:D:/MarketMasterAI/Def/BTCUSDT_1H.csvにデータを保存しました。
2023-12-05 22:11:21,344:INFO:CSVファイルの読み込みに成功しました。
2023-12-05 22:11:21,346:INFO:1H間隔でのデータ再サンプリングに成功しました。
2023-12-05 22:11:21,346:INFO:D:/MarketMasterAI/Def/retrain_BTCUSDT_1H.csvにデータを保存しました。
2023-12-05 22:11:21,803:INFO:CSVファイルの読み込みに成功しました。
2023-12-05 22:11:21,816:INFO:4H間隔でのデータ再サンプリングに成功しました。
2023-12-05 22:11:21,845:INFO:D:/MarketMasterAI/Def/BTCUSDT_4H.csvにデータを保存しました。
2023-12-05 22:11:21,895:INFO:CSVファイルの読み込みに成功しました。
2023-12-05 22:11:21,897:INFO:4H間隔でのデータ再サンプリングに成功しました。
2023-12-05 22:11:21,897:INFO:D:/MarketMasterAI/Def/retrain_BTCUSDT_4H.csvにデータを保存しました。
2023-12-05 22:11:22,361:INFO:CSVファイルの読み込みに成功しました。
2023-12-05 22:11:22,371:INFO:1D間隔でのデータ再サンプリングに成功しました。
2023-12-05 22:11:22,378:INFO:D:/MarketMasterAI/Def/BTCUSDT_1D.csvにデータを保存しました。
2023-12-05 22:11:22,390:INFO:CSVファイルの読み込みに成功しました。
2023-12-05 22:11:22,391:INFO:1D間隔でのデータ再サンプリングに成功しました。
2023-12-05 22:11:22,391:INFO:D:/MarketMasterAI/Def/retrain_BTCUSDT_1D.csvにデータを保存しました。
2023-12-05 22:11:22,393:INFO:すべての間隔でのデータ処理と標準化が完了しました。
2023-12-05 22:20:03,185:INFO:CSVファイルの読み込みに成功しました。
2023-12-05 22:20:03,226:INFO:5T間隔でのデータ再サンプリングに成功しました。
2023-12-05 22:20:04,506:INFO:D:/MarketMasterAI/Def/BTCUSDT_5T.csvにデータを保存しました。
2023-12-05 22:20:06,810:INFO:CSVファイルの読み込みに成功しました。
2023-12-05 22:20:06,812:INFO:5T間隔でのデータ再サンプリングに成功しました。
2023-12-05 22:20:06,813:INFO:D:/MarketMasterAI/Def/retrain_BTCUSDT_5T.csvにデータを保存しました。
2023-12-05 22:20:07,260:INFO:CSVファイルの読み込みに成功しました。
2023-12-05 22:20:07,283:INFO:15T間隔でのデータ再サンプリングに成功しました。
2023-12-05 22:20:07,707:INFO:D:/MarketMasterAI/Def/BTCUSDT_15T.csvにデータを保存しました。
2023-12-05 22:20:08,479:INFO:CSVファイルの読み込みに成功しました。
2023-12-05 22:20:08,481:INFO:15T間隔でのデータ再サンプリングに成功しました。
2023-12-05 22:20:08,482:INFO:D:/MarketMasterAI/Def/retrain_BTCUSDT_15T.csvにデータを保存しました。
2023-12-05 22:20:08,944:INFO:CSVファイルの読み込みに成功しました。
2023-12-05 22:20:08,964:INFO:30T間隔でのデータ再サンプリングに成功しました。
2023-12-05 22:20:09,176:INFO:D:/MarketMasterAI/Def/BTCUSDT_30T.csvにデータを保存しました。
2023-12-05 22:20:09,560:INFO:CSVファイルの読み込みに成功しました。
2023-12-05 22:20:09,563:INFO:30T間隔でのデータ再サンプリングに成功しました。
2023-12-05 22:20:09,563:INFO:D:/MarketMasterAI/Def/retrain_BTCUSDT_30T.csvにデータを保存しました。
2023-12-05 22:20:10,026:INFO:CSVファイルの読み込みに成功しました。
2023-12-05 22:20:10,043:INFO:1H間隔でのデータ再サンプリングに成功しました。
2023-12-05 22:20:10,156:INFO:D:/MarketMasterAI/Def/BTCUSDT_1H.csvにデータを保存しました。
2023-12-05 22:20:10,360:INFO:CSVファイルの読み込みに成功しました。
2023-12-05 22:20:10,362:INFO:1H間隔でのデータ再サンプリングに成功しました。
2023-12-05 22:20:10,362:INFO:D:/MarketMasterAI/Def/retrain_BTCUSDT_1H.csvにデータを保存しました。
2023-12-05 22:20:10,843:INFO:CSVファイルの読み込みに成功しました。
2023-12-05 22:20:10,857:INFO:4H間隔でのデータ再サンプリングに成功しました。
2023-12-05 22:20:10,887:INFO:D:/MarketMasterAI/Def/BTCUSDT_4H.csvにデータを保存しました。
2023-12-05 22:20:10,939:INFO:CSVファイルの読み込みに成功しました。
2023-12-05 22:20:10,941:INFO:4H間隔でのデータ再サンプリングに成功しました。
2023-12-05 22:20:10,941:INFO:D:/MarketMasterAI/Def/retrain_BTCUSDT_4H.csvにデータを保存しました。
2023-12-05 22:20:11,398:INFO:CSVファイルの読み込みに成功しました。
2023-12-05 22:20:11,410:INFO:1D間隔でのデータ再サンプリングに成功しました。
2023-12-05 22:20:11,415:INFO:D:/MarketMasterAI/Def/BTCUSDT_1D.csvにデータを保存しました。
2023-12-05 22:20:11,426:INFO:CSVファイルの読み込みに成功しました。
2023-12-05 22:20:11,427:INFO:1D間隔でのデータ再サンプリングに成功しました。
2023-12-05 22:20:11,428:INFO:D:/MarketMasterAI/Def/retrain_BTCUSDT_1D.csvにデータを保存しました。
2023-12-05 22:20:11,430:INFO:すべての間隔でのデータ処理と標準化が完了しました。
2023-12-06 19:15:35,240:INFO:CSVファイルの読み込みに成功しました。
2023-12-06 19:15:35,301:INFO:5T間隔でのデータ再サンプリングに成功しました。
2023-12-06 19:15:36,555:INFO:D:/MarketMasterAI/Def/BTCUSDT_5T.csvにデータを保存しました。
2023-12-06 19:15:38,796:INFO:CSVファイルの読み込みに成功しました。
2023-12-06 19:15:38,800:INFO:5T間隔でのデータ再サンプリングに成功しました。
2023-12-06 19:15:38,801:INFO:D:/MarketMasterAI/Def/retrain_BTCUSDT_5T.csvにデータを保存しました。
2023-12-06 19:15:39,284:INFO:CSVファイルの読み込みに成功しました。
2023-12-06 19:15:39,313:INFO:15T間隔でのデータ再サンプリングに成功しました。
2023-12-06 19:15:39,745:INFO:D:/MarketMasterAI/Def/BTCUSDT_15T.csvにデータを保存しました。
2023-12-06 19:15:40,476:INFO:CSVファイルの読み込みに成功しました。
2023-12-06 19:15:40,479:INFO:15T間隔でのデータ再サンプリングに成功しました。
2023-12-06 19:15:40,480:INFO:D:/MarketMasterAI/Def/retrain_BTCUSDT_15T.csvにデータを保存しました。
2023-12-06 19:15:40,959:INFO:CSVファイルの読み込みに成功しました。
2023-12-06 19:15:40,979:INFO:30T間隔でのデータ再サンプリングに成功しました。
2023-12-06 19:15:41,194:INFO:D:/MarketMasterAI/Def/BTCUSDT_30T.csvにデータを保存しました。
2023-12-06 19:15:41,575:INFO:CSVファイルの読み込みに成功しました。
2023-12-06 19:15:41,578:INFO:30T間隔でのデータ再サンプリングに成功しました。
2023-12-06 19:15:41,578:INFO:D:/MarketMasterAI/Def/retrain_BTCUSDT_30T.csvにデータを保存しました。
2023-12-06 19:15:42,066:INFO:CSVファイルの読み込みに成功しました。
2023-12-06 19:15:42,085:INFO:1H間隔でのデータ再サンプリングに成功しました。
2023-12-06 19:15:42,194:INFO:D:/MarketMasterAI/Def/BTCUSDT_1H.csvにデータを保存しました。
2023-12-06 19:15:42,404:INFO:CSVファイルの読み込みに成功しました。
2023-12-06 19:15:42,407:INFO:1H間隔でのデータ再サンプリングに成功しました。
2023-12-06 19:15:42,408:INFO:D:/MarketMasterAI/Def/retrain_BTCUSDT_1H.csvにデータを保存しました。
2023-12-06 19:15:42,880:INFO:CSVファイルの読み込みに成功しました。
2023-12-06 19:15:42,894:INFO:4H間隔でのデータ再サンプリングに成功しました。
2023-12-06 19:15:42,922:INFO:D:/MarketMasterAI/Def/BTCUSDT_4H.csvにデータを保存しました。
2023-12-06 19:15:42,993:INFO:CSVファイルの読み込みに成功しました。
2023-12-06 19:15:42,996:INFO:4H間隔でのデータ再サンプリングに成功しました。
2023-12-06 19:15:42,997:INFO:D:/MarketMasterAI/Def/retrain_BTCUSDT_4H.csvにデータを保存しました。
2023-12-06 19:15:43,454:INFO:CSVファイルの読み込みに成功しました。
2023-12-06 19:15:43,468:INFO:1D間隔でのデータ再サンプリングに成功しました。
2023-12-06 19:15:43,474:INFO:D:/MarketMasterAI/Def/BTCUSDT_1D.csvにデータを保存しました。
2023-12-06 19:15:43,507:INFO:CSVファイルの読み込みに成功しました。
2023-12-06 19:15:43,510:INFO:1D間隔でのデータ再サンプリングに成功しました。
2023-12-06 19:15:43,511:INFO:D:/MarketMasterAI/Def/retrain_BTCUSDT_1D.csvにデータを保存しました。
2023-12-06 19:15:43,521:INFO:すべての間隔でのデータ処理と標準化が完了しました。
2023-12-06 19:39:16,415:INFO:CSVファイルの読み込みに成功しました。
2023-12-06 19:39:16,471:INFO:5T間隔でのデータ再サンプリングに成功しました。
2023-12-06 19:39:17,721:INFO:D:/MarketMasterAI/Def/BTCUSDT_5T.csvにデータを保存しました。
2023-12-06 19:39:19,848:INFO:CSVファイルの読み込みに成功しました。
2023-12-06 19:39:19,852:INFO:5T間隔でのデータ再サンプリングに成功しました。
2023-12-06 19:39:19,853:INFO:D:/MarketMasterAI/Def/retrain_BTCUSDT_5T.csvにデータを保存しました。
2023-12-06 19:39:20,313:INFO:CSVファイルの読み込みに成功しました。
2023-12-06 19:39:20,339:INFO:15T間隔でのデータ再サンプリングに成功しました。
2023-12-06 19:39:20,759:INFO:D:/MarketMasterAI/Def/BTCUSDT_15T.csvにデータを保存しました。
2023-12-06 19:39:21,489:INFO:CSVファイルの読み込みに成功しました。
2023-12-06 19:39:21,493:INFO:15T間隔でのデータ再サンプリングに成功しました。
2023-12-06 19:39:21,494:INFO:D:/MarketMasterAI/Def/retrain_BTCUSDT_15T.csvにデータを保存しました。
2023-12-06 19:39:21,974:INFO:CSVファイルの読み込みに成功しました。
2023-12-06 19:39:21,996:INFO:30T間隔でのデータ再サンプリングに成功しました。
2023-12-06 19:39:22,208:INFO:D:/MarketMasterAI/Def/BTCUSDT_30T.csvにデータを保存しました。
2023-12-06 19:39:22,587:INFO:CSVファイルの読み込みに成功しました。
2023-12-06 19:39:22,591:INFO:30T間隔でのデータ再サンプリングに成功しました。
2023-12-06 19:39:22,592:INFO:D:/MarketMasterAI/Def/retrain_BTCUSDT_30T.csvにデータを保存しました。
2023-12-06 19:39:23,063:INFO:CSVファイルの読み込みに成功しました。
2023-12-06 19:39:23,081:INFO:1H間隔でのデータ再サンプリングに成功しました。
2023-12-06 19:39:23,186:INFO:D:/MarketMasterAI/Def/BTCUSDT_1H.csvにデータを保存しました。
2023-12-06 19:39:23,375:INFO:CSVファイルの読み込みに成功しました。
2023-12-06 19:39:23,378:INFO:1H間隔でのデータ再サンプリングに成功しました。
2023-12-06 19:39:23,379:INFO:D:/MarketMasterAI/Def/retrain_BTCUSDT_1H.csvにデータを保存しました。
2023-12-06 19:39:23,856:INFO:CSVファイルの読み込みに成功しました。
2023-12-06 19:39:23,871:INFO:4H間隔でのデータ再サンプリングに成功しました。
2023-12-06 19:39:23,900:INFO:D:/MarketMasterAI/Def/BTCUSDT_4H.csvにデータを保存しました。
2023-12-06 19:39:23,959:INFO:CSVファイルの読み込みに成功しました。
2023-12-06 19:39:23,962:INFO:4H間隔でのデータ再サンプリングに成功しました。
2023-12-06 19:39:23,963:INFO:D:/MarketMasterAI/Def/retrain_BTCUSDT_4H.csvにデータを保存しました。
2023-12-06 19:39:24,438:INFO:CSVファイルの読み込みに成功しました。
2023-12-06 19:39:24,451:INFO:1D間隔でのデータ再サンプリングに成功しました。
2023-12-06 19:39:24,456:INFO:D:/MarketMasterAI/Def/BTCUSDT_1D.csvにデータを保存しました。
2023-12-06 19:39:24,486:INFO:CSVファイルの読み込みに成功しました。
2023-12-06 19:39:24,489:INFO:1D間隔でのデータ再サンプリングに成功しました。
2023-12-06 19:39:24,490:INFO:D:/MarketMasterAI/Def/retrain_BTCUSDT_1D.csvにデータを保存しました。
2023-12-06 19:39:24,500:INFO:すべての間隔でのデータ処理と標準化が完了しました。
2023-12-06 19:46:59,006:INFO:CSVファイルの読み込みに成功しました。
2023-12-06 19:46:59,019:ERROR:データ再サンプリング中にエラーが発生しました: Only valid with DatetimeIndex, TimedeltaIndex or PeriodIndex, but got an instance of 'Index'
2023-12-06 19:46:59,019:ERROR:メイン処理中にエラーが発生しました
Traceback (most recent call last):
  File "D:\MarketMasterAI\Programs\exe\convert_csv_data.py", line 87, in main
    process_and_standardize_data(paths['csv_paths']['5min_BTC_price'], interval, paths['file']['Def'], stand.standardize_and_save_csv)
  File "D:\MarketMasterAI\Programs\exe\convert_csv_data.py", line 61, in process_and_standardize_data
    resampled_data = resample_data(read_csv(file_path), interval)
                     ^^^^^^^^^^^^^^^^^^^^^^^^^^^^^^^^^^^^^^^^^^^^
  File "D:\MarketMasterAI\Programs\exe\convert_csv_data.py", line 22, in resample_data
    resampled_data = data.resample(interval, on='timestamp').agg(
                     ^^^^^^^^^^^^^^^^^^^^^^^^^^^^^^^^^^^^^^^
  File "C:\Users\nrnye\AppData\Roaming\Python\Python311\site-packages\pandas\core\frame.py", line 11392, in resample
    return super().resample(
           ^^^^^^^^^^^^^^^^^
  File "C:\Users\nrnye\AppData\Roaming\Python\Python311\site-packages\pandas\core\generic.py", line 8858, in resample
    return get_resampler(
           ^^^^^^^^^^^^^^
  File "C:\Users\nrnye\AppData\Roaming\Python\Python311\site-packages\pandas\core\resample.py", line 1544, in get_resampler
    return tg._get_resampler(obj, kind=kind)
           ^^^^^^^^^^^^^^^^^^^^^^^^^^^^^^^^^
  File "C:\Users\nrnye\AppData\Roaming\Python\Python311\site-packages\pandas\core\resample.py", line 1725, in _get_resampler
    raise TypeError(
TypeError: Only valid with DatetimeIndex, TimedeltaIndex or PeriodIndex, but got an instance of 'Index'
2023-12-06 19:49:58,425:INFO:CSVファイルの読み込みに成功しました。
2023-12-06 19:49:58,470:INFO:5T間隔でのデータ再サンプリングに成功しました。
2023-12-06 19:49:59,791:INFO:D:/MarketMasterAI/Def/BTCUSDT_5T.csvにデータを保存しました。
2023-12-06 19:50:02,028:INFO:CSVファイルの読み込みに成功しました。
2023-12-06 19:50:02,032:INFO:5T間隔でのデータ再サンプリングに成功しました。
2023-12-06 19:50:02,033:INFO:D:/MarketMasterAI/Def/retrain_BTCUSDT_5T.csvにデータを保存しました。
2023-12-06 19:50:02,515:INFO:CSVファイルの読み込みに成功しました。
2023-12-06 19:50:02,540:INFO:15T間隔でのデータ再サンプリングに成功しました。
2023-12-06 19:50:02,963:INFO:D:/MarketMasterAI/Def/BTCUSDT_15T.csvにデータを保存しました。
2023-12-06 19:50:03,700:INFO:CSVファイルの読み込みに成功しました。
2023-12-06 19:50:03,703:INFO:15T間隔でのデータ再サンプリングに成功しました。
2023-12-06 19:50:03,703:INFO:D:/MarketMasterAI/Def/retrain_BTCUSDT_15T.csvにデータを保存しました。
2023-12-06 19:50:04,170:INFO:CSVファイルの読み込みに成功しました。
2023-12-06 19:50:04,191:INFO:30T間隔でのデータ再サンプリングに成功しました。
2023-12-06 19:50:04,404:INFO:D:/MarketMasterAI/Def/BTCUSDT_30T.csvにデータを保存しました。
2023-12-06 19:50:04,781:INFO:CSVファイルの読み込みに成功しました。
2023-12-06 19:50:04,785:INFO:30T間隔でのデータ再サンプリングに成功しました。
2023-12-06 19:50:04,786:INFO:D:/MarketMasterAI/Def/retrain_BTCUSDT_30T.csvにデータを保存しました。
2023-12-06 19:50:05,265:INFO:CSVファイルの読み込みに成功しました。
2023-12-06 19:50:05,286:INFO:1H間隔でのデータ再サンプリングに成功しました。
2023-12-06 19:50:05,395:INFO:D:/MarketMasterAI/Def/BTCUSDT_1H.csvにデータを保存しました。
2023-12-06 19:50:05,584:INFO:CSVファイルの読み込みに成功しました。
2023-12-06 19:50:05,588:INFO:1H間隔でのデータ再サンプリングに成功しました。
2023-12-06 19:50:05,589:INFO:D:/MarketMasterAI/Def/retrain_BTCUSDT_1H.csvにデータを保存しました。
2023-12-06 19:50:06,053:INFO:CSVファイルの読み込みに成功しました。
2023-12-06 19:50:06,068:INFO:4H間隔でのデータ再サンプリングに成功しました。
2023-12-06 19:50:06,098:INFO:D:/MarketMasterAI/Def/BTCUSDT_4H.csvにデータを保存しました。
2023-12-06 19:50:06,156:INFO:CSVファイルの読み込みに成功しました。
2023-12-06 19:50:06,159:INFO:4H間隔でのデータ再サンプリングに成功しました。
2023-12-06 19:50:06,160:INFO:D:/MarketMasterAI/Def/retrain_BTCUSDT_4H.csvにデータを保存しました。
2023-12-06 19:50:06,617:INFO:CSVファイルの読み込みに成功しました。
2023-12-06 19:50:06,630:INFO:1D間隔でのデータ再サンプリングに成功しました。
2023-12-06 19:50:06,637:INFO:D:/MarketMasterAI/Def/BTCUSDT_1D.csvにデータを保存しました。
2023-12-06 19:50:06,656:INFO:CSVファイルの読み込みに成功しました。
2023-12-06 19:50:06,659:INFO:1D間隔でのデータ再サンプリングに成功しました。
2023-12-06 19:50:06,661:INFO:D:/MarketMasterAI/Def/retrain_BTCUSDT_1D.csvにデータを保存しました。
2023-12-06 19:50:06,671:INFO:すべての間隔でのデータ処理と標準化が完了しました。
2023-12-06 19:54:28,163:INFO:CSVファイルの読み込みに成功しました。
2023-12-06 19:54:28,209:INFO:5T間隔でのデータ再サンプリングに成功しました。
2023-12-06 19:54:31,181:INFO:D:/MarketMasterAI/Def/BTCUSDT_5T.csvにデータを保存しました。
2023-12-06 19:54:35,467:INFO:CSVファイルの読み込みに成功しました。
2023-12-06 19:54:35,470:INFO:5T間隔でのデータ再サンプリングに成功しました。
2023-12-06 19:54:35,471:INFO:D:/MarketMasterAI/Def/retrain_BTCUSDT_5T.csvにデータを保存しました。
2023-12-06 19:54:35,932:INFO:CSVファイルの読み込みに成功しました。
2023-12-06 19:54:35,958:INFO:15T間隔でのデータ再サンプリングに成功しました。
2023-12-06 19:54:36,950:INFO:D:/MarketMasterAI/Def/BTCUSDT_15T.csvにデータを保存しました。
2023-12-06 19:54:38,396:INFO:CSVファイルの読み込みに成功しました。
2023-12-06 19:54:38,399:INFO:15T間隔でのデータ再サンプリングに成功しました。
2023-12-06 19:54:38,400:INFO:D:/MarketMasterAI/Def/retrain_BTCUSDT_15T.csvにデータを保存しました。
2023-12-06 19:54:38,861:INFO:CSVファイルの読み込みに成功しました。
2023-12-06 19:54:38,879:INFO:30T間隔でのデータ再サンプリングに成功しました。
2023-12-06 19:54:39,376:INFO:D:/MarketMasterAI/Def/BTCUSDT_30T.csvにデータを保存しました。
2023-12-06 19:54:40,098:INFO:CSVファイルの読み込みに成功しました。
2023-12-06 19:54:40,101:INFO:30T間隔でのデータ再サンプリングに成功しました。
2023-12-06 19:54:40,102:INFO:D:/MarketMasterAI/Def/retrain_BTCUSDT_30T.csvにデータを保存しました。
2023-12-06 19:54:40,561:INFO:CSVファイルの読み込みに成功しました。
2023-12-06 19:54:40,578:INFO:1H間隔でのデータ再サンプリングに成功しました。
2023-12-06 19:54:40,830:INFO:D:/MarketMasterAI/Def/BTCUSDT_1H.csvにデータを保存しました。
2023-12-06 19:54:41,197:INFO:CSVファイルの読み込みに成功しました。
2023-12-06 19:54:41,200:INFO:1H間隔でのデータ再サンプリングに成功しました。
2023-12-06 19:54:41,201:INFO:D:/MarketMasterAI/Def/retrain_BTCUSDT_1H.csvにデータを保存しました。
2023-12-06 19:54:41,662:INFO:CSVファイルの読み込みに成功しました。
2023-12-06 19:54:41,676:INFO:4H間隔でのデータ再サンプリングに成功しました。
2023-12-06 19:54:41,740:INFO:D:/MarketMasterAI/Def/BTCUSDT_4H.csvにデータを保存しました。
2023-12-06 19:54:41,843:INFO:CSVファイルの読み込みに成功しました。
2023-12-06 19:54:41,845:INFO:4H間隔でのデータ再サンプリングに成功しました。
2023-12-06 19:54:41,846:INFO:D:/MarketMasterAI/Def/retrain_BTCUSDT_4H.csvにデータを保存しました。
2023-12-06 19:54:42,306:INFO:CSVファイルの読み込みに成功しました。
2023-12-06 19:54:42,319:INFO:1D間隔でのデータ再サンプリングに成功しました。
2023-12-06 19:54:42,332:INFO:D:/MarketMasterAI/Def/BTCUSDT_1D.csvにデータを保存しました。
2023-12-06 19:54:42,360:INFO:CSVファイルの読み込みに成功しました。
2023-12-06 19:54:42,362:INFO:1D間隔でのデータ再サンプリングに成功しました。
2023-12-06 19:54:42,363:INFO:D:/MarketMasterAI/Def/retrain_BTCUSDT_1D.csvにデータを保存しました。
2023-12-06 19:54:42,374:INFO:すべての間隔でのデータ処理と標準化が完了しました。
2023-12-06 20:02:28,749:INFO:CSVファイルの読み込みに成功しました。
2023-12-06 20:02:28,790:INFO:5T間隔でのデータ再サンプリングに成功しました。
2023-12-06 20:02:31,776:INFO:D:/MarketMasterAI/Def/BTCUSDT_5T.csvにデータを保存しました。
2023-12-06 20:02:36,098:INFO:CSVファイルの読み込みに成功しました。
2023-12-06 20:02:36,101:INFO:5T間隔でのデータ再サンプリングに成功しました。
2023-12-06 20:02:36,102:INFO:D:/MarketMasterAI/Def/retrain_BTCUSDT_5T.csvにデータを保存しました。
2023-12-06 20:02:36,566:INFO:CSVファイルの読み込みに成功しました。
2023-12-06 20:02:36,599:INFO:15T間隔でのデータ再サンプリングに成功しました。
2023-12-06 20:02:37,594:INFO:D:/MarketMasterAI/Def/BTCUSDT_15T.csvにデータを保存しました。
2023-12-06 20:02:39,039:INFO:CSVファイルの読み込みに成功しました。
2023-12-06 20:02:39,043:INFO:15T間隔でのデータ再サンプリングに成功しました。
2023-12-06 20:02:39,044:INFO:D:/MarketMasterAI/Def/retrain_BTCUSDT_15T.csvにデータを保存しました。
2023-12-06 20:02:39,510:INFO:CSVファイルの読み込みに成功しました。
2023-12-06 20:02:39,532:INFO:30T間隔でのデータ再サンプリングに成功しました。
2023-12-06 20:02:40,033:INFO:D:/MarketMasterAI/Def/BTCUSDT_30T.csvにデータを保存しました。
2023-12-06 20:02:40,778:INFO:CSVファイルの読み込みに成功しました。
2023-12-06 20:02:40,782:INFO:30T間隔でのデータ再サンプリングに成功しました。
2023-12-06 20:02:40,783:INFO:D:/MarketMasterAI/Def/retrain_BTCUSDT_30T.csvにデータを保存しました。
2023-12-06 20:02:41,247:INFO:CSVファイルの読み込みに成功しました。
2023-12-06 20:02:41,263:INFO:1H間隔でのデータ再サンプリングに成功しました。
2023-12-06 20:02:41,516:INFO:D:/MarketMasterAI/Def/BTCUSDT_1H.csvにデータを保存しました。
2023-12-06 20:02:41,885:INFO:CSVファイルの読み込みに成功しました。
2023-12-06 20:02:41,888:INFO:1H間隔でのデータ再サンプリングに成功しました。
2023-12-06 20:02:41,889:INFO:D:/MarketMasterAI/Def/retrain_BTCUSDT_1H.csvにデータを保存しました。
2023-12-06 20:02:42,354:INFO:CSVファイルの読み込みに成功しました。
2023-12-06 20:02:42,371:INFO:4H間隔でのデータ再サンプリングに成功しました。
2023-12-06 20:02:42,433:INFO:D:/MarketMasterAI/Def/BTCUSDT_4H.csvにデータを保存しました。
2023-12-06 20:02:42,533:INFO:CSVファイルの読み込みに成功しました。
2023-12-06 20:02:42,536:INFO:4H間隔でのデータ再サンプリングに成功しました。
2023-12-06 20:02:42,537:INFO:D:/MarketMasterAI/Def/retrain_BTCUSDT_4H.csvにデータを保存しました。
2023-12-06 20:02:42,997:INFO:CSVファイルの読み込みに成功しました。
2023-12-06 20:02:43,011:INFO:1D間隔でのデータ再サンプリングに成功しました。
2023-12-06 20:02:43,023:INFO:D:/MarketMasterAI/Def/BTCUSDT_1D.csvにデータを保存しました。
2023-12-06 20:02:43,049:INFO:CSVファイルの読み込みに成功しました。
2023-12-06 20:02:43,052:INFO:1D間隔でのデータ再サンプリングに成功しました。
2023-12-06 20:02:43,053:INFO:D:/MarketMasterAI/Def/retrain_BTCUSDT_1D.csvにデータを保存しました。
2023-12-06 20:02:43,063:INFO:すべての間隔でのデータ処理と標準化が完了しました。
2023-12-06 20:03:18,739:INFO:CSVファイルの読み込みに成功しました。
2023-12-06 20:03:18,791:INFO:5T間隔でのデータ再サンプリングに成功しました。
2023-12-06 20:03:20,495:INFO:D:/MarketMasterAI/Def/BTCUSDT_5T.csvにデータを保存しました。
2023-12-06 20:03:23,650:INFO:CSVファイルの読み込みに成功しました。
2023-12-06 20:03:23,653:INFO:5T間隔でのデータ再サンプリングに成功しました。
2023-12-06 20:03:23,653:INFO:D:/MarketMasterAI/Def/retrain_BTCUSDT_5T.csvにデータを保存しました。
2023-12-06 20:03:24,322:INFO:CSVファイルの読み込みに成功しました。
2023-12-06 20:03:24,361:INFO:15T間隔でのデータ再サンプリングに成功しました。
2023-12-06 20:03:24,883:INFO:D:/MarketMasterAI/Def/BTCUSDT_15T.csvにデータを保存しました。
2023-12-06 20:03:25,946:INFO:CSVファイルの読み込みに成功しました。
2023-12-06 20:03:25,948:INFO:15T間隔でのデータ再サンプリングに成功しました。
2023-12-06 20:03:25,949:INFO:D:/MarketMasterAI/Def/retrain_BTCUSDT_15T.csvにデータを保存しました。
2023-12-06 20:03:26,528:INFO:CSVファイルの読み込みに成功しました。
2023-12-06 20:03:26,568:INFO:30T間隔でのデータ再サンプリングに成功しました。
2023-12-06 20:03:26,895:INFO:D:/MarketMasterAI/Def/BTCUSDT_30T.csvにデータを保存しました。
2023-12-06 20:03:27,492:INFO:CSVファイルの読み込みに成功しました。
2023-12-06 20:03:27,494:INFO:30T間隔でのデータ再サンプリングに成功しました。
2023-12-06 20:03:27,494:INFO:D:/MarketMasterAI/Def/retrain_BTCUSDT_30T.csvにデータを保存しました。
2023-12-06 20:03:28,144:INFO:CSVファイルの読み込みに成功しました。
2023-12-06 20:03:28,171:INFO:1H間隔でのデータ再サンプリングに成功しました。
2023-12-06 20:03:28,355:INFO:D:/MarketMasterAI/Def/BTCUSDT_1H.csvにデータを保存しました。
2023-12-06 20:03:28,694:INFO:CSVファイルの読み込みに成功しました。
2023-12-06 20:03:28,696:INFO:1H間隔でのデータ再サンプリングに成功しました。
2023-12-06 20:03:28,697:INFO:D:/MarketMasterAI/Def/retrain_BTCUSDT_1H.csvにデータを保存しました。
2023-12-06 20:03:29,304:INFO:CSVファイルの読み込みに成功しました。
2023-12-06 20:03:29,322:INFO:4H間隔でのデータ再サンプリングに成功しました。
2023-12-06 20:03:29,373:INFO:D:/MarketMasterAI/Def/BTCUSDT_4H.csvにデータを保存しました。
2023-12-06 20:03:29,452:INFO:CSVファイルの読み込みに成功しました。
2023-12-06 20:03:29,455:INFO:4H間隔でのデータ再サンプリングに成功しました。
2023-12-06 20:03:29,456:INFO:D:/MarketMasterAI/Def/retrain_BTCUSDT_4H.csvにデータを保存しました。
2023-12-06 20:03:30,108:INFO:CSVファイルの読み込みに成功しました。
2023-12-06 20:03:30,139:INFO:1D間隔でのデータ再サンプリングに成功しました。
2023-12-06 20:03:30,147:INFO:D:/MarketMasterAI/Def/BTCUSDT_1D.csvにデータを保存しました。
2023-12-06 20:03:30,166:INFO:CSVファイルの読み込みに成功しました。
2023-12-06 20:03:30,167:INFO:1D間隔でのデータ再サンプリングに成功しました。
2023-12-06 20:03:30,168:INFO:D:/MarketMasterAI/Def/retrain_BTCUSDT_1D.csvにデータを保存しました。
2023-12-06 20:03:30,181:INFO:すべての間隔でのデータ処理と標準化が完了しました。
2023-12-06 20:05:01,101:INFO:CSVファイルの読み込みに成功しました。
2023-12-06 20:05:34,707:INFO:5T間隔でのデータ再サンプリングに成功しました。
2023-12-06 20:06:53,525:INFO:D:/MarketMasterAI/Def/BTCUSDT_5T.csvにデータを保存しました。
2023-12-06 20:07:11,413:INFO:CSVファイルの読み込みに成功しました。
2023-12-06 20:07:19,578:INFO:5T間隔でのデータ再サンプリングに成功しました。
2023-12-06 20:07:35,012:INFO:D:/MarketMasterAI/Def/BTCUSDT_5T.csvにデータを保存しました。
2023-12-06 20:12:51,622:INFO:CSVファイルの読み込みに成功しました。
2023-12-06 20:12:51,665:INFO:5T間隔でのデータ再サンプリングに成功しました。
2023-12-06 20:12:54,634:INFO:D:/MarketMasterAI/Def/BTCUSDT_5T.csvにデータを保存しました。
2023-12-06 20:15:23,644:INFO:CSVファイルの読み込みに成功しました。
2023-12-06 20:15:23,685:INFO:5T間隔でのデータ再サンプリングに成功しました。
2023-12-06 20:15:26,654:INFO:D:/MarketMasterAI/Def/BTCUSDT_5T.csvにデータを保存しました。
2023-12-06 20:15:34,201:INFO:CSVファイルの読み込みに成功しました。
2023-12-06 20:15:34,243:INFO:5T間隔でのデータ再サンプリングに成功しました。
2023-12-06 20:15:37,215:INFO:D:/MarketMasterAI/Def/BTCUSDT_5T.csvにデータを保存しました。
2023-12-06 20:15:37,567:ERROR:メイン処理中にエラーが発生しました
Traceback (most recent call last):
  File "D:\MarketMasterAI\Programs\exe\Standardization.py", line 32, in standardize_and_save_csv
    ochl_data, ochl_scaler = standardize_data(data, ochl_columns)
                             ^^^^^^^^^^^^^^^^^^^^^^^^^^^^^^^^^^^^
  File "D:\MarketMasterAI\Programs\exe\Standardization.py", line 10, in standardize_data
    data[columns_to_scale] = scaler.fit_transform(data[columns_to_scale])
                             ^^^^^^^^^^^^^^^^^^^^^^^^^^^^^^^^^^^^^^^^^^^^
  File "C:\Program Files\Python311\Lib\site-packages\sklearn\utils\_set_output.py", line 157, in wrapped
    data_to_wrap = f(self, X, *args, **kwargs)
                   ^^^^^^^^^^^^^^^^^^^^^^^^^^^
  File "C:\Program Files\Python311\Lib\site-packages\sklearn\base.py", line 916, in fit_transform
    return self.fit(X, **fit_params).transform(X)
           ^^^^^^^^^^^^^^^^^^^^^^^^^
  File "C:\Program Files\Python311\Lib\site-packages\sklearn\preprocessing\_data.py", line 839, in fit
    return self.partial_fit(X, y, sample_weight)
           ^^^^^^^^^^^^^^^^^^^^^^^^^^^^^^^^^^^^^
  File "C:\Program Files\Python311\Lib\site-packages\sklearn\base.py", line 1152, in wrapper
    return fit_method(estimator, *args, **kwargs)
           ^^^^^^^^^^^^^^^^^^^^^^^^^^^^^^^^^^^^^^
  File "C:\Program Files\Python311\Lib\site-packages\sklearn\preprocessing\_data.py", line 875, in partial_fit
    X = self._validate_data(
        ^^^^^^^^^^^^^^^^^^^^
  File "C:\Program Files\Python311\Lib\site-packages\sklearn\base.py", line 605, in _validate_data
    out = check_array(X, input_name="X", **check_params)
          ^^^^^^^^^^^^^^^^^^^^^^^^^^^^^^^^^^^^^^^^^^^^^^
  File "C:\Program Files\Python311\Lib\site-packages\sklearn\utils\validation.py", line 915, in check_array
    array = _asarray_with_order(array, order=order, dtype=dtype, xp=xp)
            ^^^^^^^^^^^^^^^^^^^^^^^^^^^^^^^^^^^^^^^^^^^^^^^^^^^^^^^^^^^
  File "C:\Program Files\Python311\Lib\site-packages\sklearn\utils\_array_api.py", line 380, in _asarray_with_order
    array = numpy.asarray(array, order=order, dtype=dtype)
            ^^^^^^^^^^^^^^^^^^^^^^^^^^^^^^^^^^^^^^^^^^^^^^
  File "C:\Users\nrnye\AppData\Roaming\Python\Python311\site-packages\pandas\core\generic.py", line 2070, in __array__
    return np.asarray(self._values, dtype=dtype)
           ^^^^^^^^^^^^^^^^^^^^^^^^^^^^^^^^^^^^^
ValueError: could not convert string to float: '2019-01-01 00:00:00'

During handling of the above exception, another exception occurred:

Traceback (most recent call last):
  File "D:\MarketMasterAI\Programs\exe\convert_csv_data.py", line 87, in main
    process_and_standardize_data(paths['csv_paths']['5min_BTC_price'], interval, paths['file']['Def'], stand.standardize_and_save_csv)
  File "D:\MarketMasterAI\Programs\exe\convert_csv_data.py", line 67, in process_and_standardize_data
    standardize_func(output_file_name, output_file, interval)
  File "D:\MarketMasterAI\Programs\exe\Standardization.py", line 45, in standardize_and_save_csv
    raise Exception(f"標準化処理中にエラーが発生しました: {e}")
Exception: 標準化処理中にエラーが発生しました: could not convert string to float: '2019-01-01 00:00:00'
2023-12-06 20:18:09,848:INFO:CSVファイルの読み込みに成功しました。
2023-12-06 20:18:09,890:INFO:5T間隔でのデータ再サンプリングに成功しました。
2023-12-06 20:18:12,858:INFO:D:/MarketMasterAI/Def/BTCUSDT_5T.csvにデータを保存しました。
2023-12-06 20:18:17,316:INFO:CSVファイルの読み込みに成功しました。
2023-12-06 20:18:17,320:INFO:5T間隔でのデータ再サンプリングに成功しました。
2023-12-06 20:18:17,321:INFO:D:/MarketMasterAI/Def/retrain_BTCUSDT_5T.csvにデータを保存しました。
2023-12-06 20:18:17,789:INFO:CSVファイルの読み込みに成功しました。
2023-12-06 20:18:17,812:INFO:15T間隔でのデータ再サンプリングに成功しました。
2023-12-06 20:18:18,816:INFO:D:/MarketMasterAI/Def/BTCUSDT_15T.csvにデータを保存しました。
2023-12-06 20:18:20,376:INFO:CSVファイルの読み込みに成功しました。
2023-12-06 20:18:20,380:INFO:15T間隔でのデータ再サンプリングに成功しました。
2023-12-06 20:18:20,381:INFO:D:/MarketMasterAI/Def/retrain_BTCUSDT_15T.csvにデータを保存しました。
2023-12-06 20:18:20,856:INFO:CSVファイルの読み込みに成功しました。
2023-12-06 20:18:20,878:INFO:30T間隔でのデータ再サンプリングに成功しました。
2023-12-06 20:18:21,383:INFO:D:/MarketMasterAI/Def/BTCUSDT_30T.csvにデータを保存しました。
2023-12-06 20:18:22,144:INFO:CSVファイルの読み込みに成功しました。
2023-12-06 20:18:22,147:INFO:30T間隔でのデータ再サンプリングに成功しました。
2023-12-06 20:18:22,148:INFO:D:/MarketMasterAI/Def/retrain_BTCUSDT_30T.csvにデータを保存しました。
2023-12-06 20:18:22,632:INFO:CSVファイルの読み込みに成功しました。
2023-12-06 20:18:22,649:INFO:1H間隔でのデータ再サンプリングに成功しました。
2023-12-06 20:18:22,899:INFO:D:/MarketMasterAI/Def/BTCUSDT_1H.csvにデータを保存しました。
2023-12-06 20:18:23,296:INFO:CSVファイルの読み込みに成功しました。
2023-12-06 20:18:23,300:INFO:1H間隔でのデータ再サンプリングに成功しました。
2023-12-06 20:18:23,300:INFO:D:/MarketMasterAI/Def/retrain_BTCUSDT_1H.csvにデータを保存しました。
2023-12-06 20:18:23,777:INFO:CSVファイルの読み込みに成功しました。
2023-12-06 20:18:23,792:INFO:4H間隔でのデータ再サンプリングに成功しました。
2023-12-06 20:18:23,858:INFO:D:/MarketMasterAI/Def/BTCUSDT_4H.csvにデータを保存しました。
2023-12-06 20:18:23,966:INFO:CSVファイルの読み込みに成功しました。
2023-12-06 20:18:23,969:INFO:4H間隔でのデータ再サンプリングに成功しました。
2023-12-06 20:18:23,970:INFO:D:/MarketMasterAI/Def/retrain_BTCUSDT_4H.csvにデータを保存しました。
2023-12-06 20:18:24,442:INFO:CSVファイルの読み込みに成功しました。
2023-12-06 20:18:24,454:INFO:1D間隔でのデータ再サンプリングに成功しました。
2023-12-06 20:18:24,465:INFO:D:/MarketMasterAI/Def/BTCUSDT_1D.csvにデータを保存しました。
2023-12-06 20:18:24,493:INFO:CSVファイルの読み込みに成功しました。
2023-12-06 20:18:24,496:INFO:1D間隔でのデータ再サンプリングに成功しました。
2023-12-06 20:18:24,497:INFO:D:/MarketMasterAI/Def/retrain_BTCUSDT_1D.csvにデータを保存しました。
2023-12-06 20:18:24,507:INFO:すべての間隔でのデータ処理と標準化が完了しました。
2023-12-06 20:32:35,027:INFO:CSVファイルの読み込みに成功しました。
2023-12-06 20:32:35,073:INFO:5T間隔でのデータ再サンプリングに成功しました。
2023-12-06 20:32:36,373:INFO:D:/MarketMasterAI/Def/BTCUSDT_5T.csvにデータを保存しました。
2023-12-06 20:35:48,053:INFO:CSVファイルの読み込みに成功しました。
2023-12-06 20:35:53,702:INFO:5T間隔でのデータ再サンプリングに成功しました。
2023-12-06 20:35:59,091:INFO:D:/MarketMasterAI/Def/retrain_BTCUSDT_5T.csvにデータを保存しました。
2023-12-06 20:37:17,933:INFO:CSVファイルの読み込みに成功しました。
2023-12-06 20:37:17,959:INFO:15T間隔でのデータ再サンプリングに成功しました。
2023-12-06 20:37:18,386:INFO:D:/MarketMasterAI/Def/BTCUSDT_15T.csvにデータを保存しました。
2023-12-06 20:37:22,562:INFO:CSVファイルの読み込みに成功しました。
2023-12-06 20:37:22,565:INFO:15T間隔でのデータ再サンプリングに成功しました。
2023-12-06 20:37:22,566:INFO:D:/MarketMasterAI/Def/retrain_BTCUSDT_15T.csvにデータを保存しました。
2023-12-06 20:37:23,029:INFO:CSVファイルの読み込みに成功しました。
2023-12-06 20:37:23,048:INFO:30T間隔でのデータ再サンプリングに成功しました。
2023-12-06 20:37:23,259:INFO:D:/MarketMasterAI/Def/BTCUSDT_30T.csvにデータを保存しました。
2023-12-06 20:37:23,655:INFO:CSVファイルの読み込みに成功しました。
2023-12-06 20:37:23,658:INFO:30T間隔でのデータ再サンプリングに成功しました。
2023-12-06 20:37:23,659:INFO:D:/MarketMasterAI/Def/retrain_BTCUSDT_30T.csvにデータを保存しました。
2023-12-06 20:37:24,126:INFO:CSVファイルの読み込みに成功しました。
2023-12-06 20:37:24,145:INFO:1H間隔でのデータ再サンプリングに成功しました。
2023-12-06 20:37:24,251:INFO:D:/MarketMasterAI/Def/BTCUSDT_1H.csvにデータを保存しました。
2023-12-06 20:37:24,451:INFO:CSVファイルの読み込みに成功しました。
2023-12-06 20:37:24,456:INFO:1H間隔でのデータ再サンプリングに成功しました。
2023-12-06 20:37:24,457:INFO:D:/MarketMasterAI/Def/retrain_BTCUSDT_1H.csvにデータを保存しました。
2023-12-06 20:37:24,918:INFO:CSVファイルの読み込みに成功しました。
2023-12-06 20:37:24,933:INFO:4H間隔でのデータ再サンプリングに成功しました。
2023-12-06 20:37:24,963:INFO:D:/MarketMasterAI/Def/BTCUSDT_4H.csvにデータを保存しました。
2023-12-06 20:37:25,024:INFO:CSVファイルの読み込みに成功しました。
2023-12-06 20:37:25,027:INFO:4H間隔でのデータ再サンプリングに成功しました。
2023-12-06 20:37:25,029:INFO:D:/MarketMasterAI/Def/retrain_BTCUSDT_4H.csvにデータを保存しました。
2023-12-06 20:37:25,492:INFO:CSVファイルの読み込みに成功しました。
2023-12-06 20:37:25,506:INFO:1D間隔でのデータ再サンプリングに成功しました。
2023-12-06 20:37:25,512:INFO:D:/MarketMasterAI/Def/BTCUSDT_1D.csvにデータを保存しました。
2023-12-06 20:37:25,534:INFO:CSVファイルの読み込みに成功しました。
2023-12-06 20:37:25,537:INFO:1D間隔でのデータ再サンプリングに成功しました。
2023-12-06 20:37:25,538:INFO:D:/MarketMasterAI/Def/retrain_BTCUSDT_1D.csvにデータを保存しました。
2023-12-06 20:37:25,547:INFO:すべての間隔でのデータ処理と標準化が完了しました。
2023-12-06 23:07:19,347:INFO:CSVファイルの読み込みに成功しました。
2023-12-06 23:07:19,415:INFO:5T間隔でのデータ再サンプリングに成功しました。
2023-12-06 23:07:22,586:INFO:D:/MarketMasterAI/Def/BTCUSDT_5T.csvにデータを保存しました。
2023-12-06 23:07:27,064:ERROR:CSVファイルの読み込み中にエラーが発生しました: 'timestamp' is not in list
2023-12-06 23:07:27,075:ERROR:メイン処理中にエラーが発生しました
Traceback (most recent call last):
  File "D:\MarketMasterAI\Programs\exe\convert_csv_data.py", line 88, in main
    process_and_standardize_data(paths['csv_paths']['5min_retrain'], interval, paths['file']['Def'], stand.retrain_standardize_and_save_csv, is_retrain=True)
  File "D:\MarketMasterAI\Programs\exe\convert_csv_data.py", line 61, in process_and_standardize_data
    resampled_data = resample_data(read_csv(file_path), interval)
                                   ^^^^^^^^^^^^^^^^^^^
  File "D:\MarketMasterAI\Programs\exe\convert_csv_data.py", line 53, in read_csv
    data = pd.read_csv(file_path, index_col='timestamp', parse_dates=True)
           ^^^^^^^^^^^^^^^^^^^^^^^^^^^^^^^^^^^^^^^^^^^^^^^^^^^^^^^^^^^^^^^
  File "C:\Users\nrnye\AppData\Roaming\Python\Python311\site-packages\pandas\util\_decorators.py", line 211, in wrapper
    return func(*args, **kwargs)
           ^^^^^^^^^^^^^^^^^^^^^
  File "C:\Users\nrnye\AppData\Roaming\Python\Python311\site-packages\pandas\util\_decorators.py", line 331, in wrapper
    return func(*args, **kwargs)
           ^^^^^^^^^^^^^^^^^^^^^
  File "C:\Users\nrnye\AppData\Roaming\Python\Python311\site-packages\pandas\io\parsers\readers.py", line 950, in read_csv
    return _read(filepath_or_buffer, kwds)
           ^^^^^^^^^^^^^^^^^^^^^^^^^^^^^^^
  File "C:\Users\nrnye\AppData\Roaming\Python\Python311\site-packages\pandas\io\parsers\readers.py", line 605, in _read
    parser = TextFileReader(filepath_or_buffer, **kwds)
             ^^^^^^^^^^^^^^^^^^^^^^^^^^^^^^^^^^^^^^^^^^
  File "C:\Users\nrnye\AppData\Roaming\Python\Python311\site-packages\pandas\io\parsers\readers.py", line 1442, in __init__
    self._engine = self._make_engine(f, self.engine)
                   ^^^^^^^^^^^^^^^^^^^^^^^^^^^^^^^^^
  File "C:\Users\nrnye\AppData\Roaming\Python\Python311\site-packages\pandas\io\parsers\readers.py", line 1753, in _make_engine
    return mapping[engine](f, **self.options)
           ^^^^^^^^^^^^^^^^^^^^^^^^^^^^^^^^^^
  File "C:\Users\nrnye\AppData\Roaming\Python\Python311\site-packages\pandas\io\parsers\c_parser_wrapper.py", line 157, in __init__
    self._set_noconvert_columns()
  File "C:\Users\nrnye\AppData\Roaming\Python\Python311\site-packages\pandas\io\parsers\c_parser_wrapper.py", line 211, in _set_noconvert_columns
    noconvert_columns = self._set_noconvert_dtype_columns(
                        ^^^^^^^^^^^^^^^^^^^^^^^^^^^^^^^^^^
  File "C:\Users\nrnye\AppData\Roaming\Python\Python311\site-packages\pandas\io\parsers\base_parser.py", line 675, in _set_noconvert_dtype_columns
    noconvert_columns.add(_set(k))
                          ^^^^^^^
  File "C:\Users\nrnye\AppData\Roaming\Python\Python311\site-packages\pandas\io\parsers\base_parser.py", line 652, in _set
    x = col_indices[names.index(x)]
                    ^^^^^^^^^^^^^^
ValueError: 'timestamp' is not in list
2023-12-06 23:10:26,989:INFO:CSVファイルの読み込みに成功しました。
2023-12-06 23:10:33,597:INFO:5T間隔でのデータ再サンプリングに成功しました。
2023-12-06 23:10:39,472:INFO:D:/MarketMasterAI/Def/BTCUSDT_5T.csvにデータを保存しました。
2023-12-06 23:12:33,145:ERROR:CSVファイルの読み込み中にエラーが発生しました: 'timestamp' is not in list
2023-12-06 23:12:33,148:ERROR:メイン処理中にエラーが発生しました
Traceback (most recent call last):
  File "D:\MarketMasterAI\Programs\exe\convert_csv_data.py", line 88, in main
    process_and_standardize_data(paths['csv_paths']['5min_retrain'], interval, paths['file']['Def'], stand.retrain_standardize_and_save_csv, is_retrain=True)
  File "D:\MarketMasterAI\Programs\exe\convert_csv_data.py", line 61, in process_and_standardize_data
    resampled_data = resample_data(read_csv(file_path), interval)
                                   ^^^^^^^^^^^^^^^^^^^
  File "D:\MarketMasterAI\Programs\exe\convert_csv_data.py", line 53, in read_csv
    data = pd.read_csv(file_path, index_col='timestamp', parse_dates=True)
           ^^^^^^^^^^^^^^^^^^^^^^^^^^^^^^^^^^^^^^^^^^^^^^^^^^^^^^^^^^^^^^^
  File "C:\Users\nrnye\AppData\Roaming\Python\Python311\site-packages\pandas\util\_decorators.py", line 211, in wrapper
    return func(*args, **kwargs)
           ^^^^^^^^^^^^^^^^^^^^^
  File "C:\Users\nrnye\AppData\Roaming\Python\Python311\site-packages\pandas\util\_decorators.py", line 331, in wrapper
    return func(*args, **kwargs)
           ^^^^^^^^^^^^^^^^^^^^^
  File "C:\Users\nrnye\AppData\Roaming\Python\Python311\site-packages\pandas\io\parsers\readers.py", line 950, in read_csv
    return _read(filepath_or_buffer, kwds)
           ^^^^^^^^^^^^^^^^^^^^^^^^^^^^^^^
  File "C:\Users\nrnye\AppData\Roaming\Python\Python311\site-packages\pandas\io\parsers\readers.py", line 605, in _read
    parser = TextFileReader(filepath_or_buffer, **kwds)
             ^^^^^^^^^^^^^^^^^^^^^^^^^^^^^^^^^^^^^^^^^^
  File "C:\Users\nrnye\AppData\Roaming\Python\Python311\site-packages\pandas\io\parsers\readers.py", line 1442, in __init__
    self._engine = self._make_engine(f, self.engine)
                   ^^^^^^^^^^^^^^^^^^^^^^^^^^^^^^^^^
  File "C:\Users\nrnye\AppData\Roaming\Python\Python311\site-packages\pandas\io\parsers\readers.py", line 1753, in _make_engine
    return mapping[engine](f, **self.options)
           ^^^^^^^^^^^^^^^^^^^^^^^^^^^^^^^^^^
  File "C:\Users\nrnye\AppData\Roaming\Python\Python311\site-packages\pandas\io\parsers\c_parser_wrapper.py", line 157, in __init__
    self._set_noconvert_columns()
  File "C:\Users\nrnye\AppData\Roaming\Python\Python311\site-packages\pandas\io\parsers\c_parser_wrapper.py", line 211, in _set_noconvert_columns
    noconvert_columns = self._set_noconvert_dtype_columns(
                        ^^^^^^^^^^^^^^^^^^^^^^^^^^^^^^^^^^
  File "C:\Users\nrnye\AppData\Roaming\Python\Python311\site-packages\pandas\io\parsers\base_parser.py", line 675, in _set_noconvert_dtype_columns
    noconvert_columns.add(_set(k))
                          ^^^^^^^
  File "C:\Users\nrnye\AppData\Roaming\Python\Python311\site-packages\pandas\io\parsers\base_parser.py", line 652, in _set
    x = col_indices[names.index(x)]
                    ^^^^^^^^^^^^^^
ValueError: 'timestamp' is not in list
2023-12-06 23:12:38,179:INFO:CSVファイルの読み込みに成功しました。
2023-12-06 23:12:38,224:INFO:5T間隔でのデータ再サンプリングに成功しました。
2023-12-06 23:12:39,477:INFO:D:/MarketMasterAI/Def/BTCUSDT_5T.csvにデータを保存しました。
2023-12-06 23:12:41,828:INFO:CSVファイルの読み込みに成功しました。
2023-12-06 23:12:41,831:INFO:5T間隔でのデータ再サンプリングに成功しました。
2023-12-06 23:12:41,834:INFO:D:/MarketMasterAI/Def/retrain_BTCUSDT_5T.csvにデータを保存しました。
2023-12-06 23:12:42,315:INFO:CSVファイルの読み込みに成功しました。
2023-12-06 23:12:42,342:INFO:15T間隔でのデータ再サンプリングに成功しました。
2023-12-06 23:12:42,781:INFO:D:/MarketMasterAI/Def/BTCUSDT_15T.csvにデータを保存しました。
2023-12-06 23:12:43,578:INFO:CSVファイルの読み込みに成功しました。
2023-12-06 23:12:43,582:INFO:15T間隔でのデータ再サンプリングに成功しました。
2023-12-06 23:12:43,584:INFO:D:/MarketMasterAI/Def/retrain_BTCUSDT_15T.csvにデータを保存しました。
2023-12-06 23:12:44,047:INFO:CSVファイルの読み込みに成功しました。
2023-12-06 23:12:44,071:INFO:30T間隔でのデータ再サンプリングに成功しました。
2023-12-06 23:12:44,286:INFO:D:/MarketMasterAI/Def/BTCUSDT_30T.csvにデータを保存しました。
2023-12-06 23:12:44,674:INFO:CSVファイルの読み込みに成功しました。
2023-12-06 23:12:44,677:INFO:30T間隔でのデータ再サンプリングに成功しました。
2023-12-06 23:12:44,678:INFO:D:/MarketMasterAI/Def/retrain_BTCUSDT_30T.csvにデータを保存しました。
2023-12-06 23:12:45,141:INFO:CSVファイルの読み込みに成功しました。
2023-12-06 23:12:45,161:INFO:1H間隔でのデータ再サンプリングに成功しました。
2023-12-06 23:12:45,268:INFO:D:/MarketMasterAI/Def/BTCUSDT_1H.csvにデータを保存しました。
2023-12-06 23:12:45,490:INFO:CSVファイルの読み込みに成功しました。
2023-12-06 23:12:45,494:INFO:1H間隔でのデータ再サンプリングに成功しました。
2023-12-06 23:12:45,495:INFO:D:/MarketMasterAI/Def/retrain_BTCUSDT_1H.csvにデータを保存しました。
2023-12-06 23:12:45,982:INFO:CSVファイルの読み込みに成功しました。
2023-12-06 23:12:45,997:INFO:4H間隔でのデータ再サンプリングに成功しました。
2023-12-06 23:12:46,026:INFO:D:/MarketMasterAI/Def/BTCUSDT_4H.csvにデータを保存しました。
2023-12-06 23:12:46,090:INFO:CSVファイルの読み込みに成功しました。
2023-12-06 23:12:46,094:INFO:4H間隔でのデータ再サンプリングに成功しました。
2023-12-06 23:12:46,095:INFO:D:/MarketMasterAI/Def/retrain_BTCUSDT_4H.csvにデータを保存しました。
2023-12-06 23:12:46,575:INFO:CSVファイルの読み込みに成功しました。
2023-12-06 23:12:46,589:INFO:1D間隔でのデータ再サンプリングに成功しました。
2023-12-06 23:12:46,594:INFO:D:/MarketMasterAI/Def/BTCUSDT_1D.csvにデータを保存しました。
2023-12-06 23:12:46,618:INFO:CSVファイルの読み込みに成功しました。
2023-12-06 23:12:46,622:INFO:1D間隔でのデータ再サンプリングに成功しました。
2023-12-06 23:12:46,622:INFO:D:/MarketMasterAI/Def/retrain_BTCUSDT_1D.csvにデータを保存しました。
2023-12-06 23:12:46,632:INFO:すべての間隔でのデータ処理と標準化が完了しました。
