2023-11-21 21:17:17,390 - INFO - ====== WebDriver manager ======
2023-11-21 21:17:18,116 - INFO - Get LATEST chromedriver version for google-chrome
2023-11-21 21:17:18,175 - INFO - Get LATEST chromedriver version for google-chrome
2023-11-21 21:17:18,233 - INFO - Driver [C:\Users\nrnye\.wdm\drivers\chromedriver\win64\119.0.6045.105\chromedriver-win32/chromedriver.exe] found in cache
2023-11-21 21:23:00,483 - INFO - ====== WebDriver manager ======
2023-11-21 21:23:01,620 - INFO - Get LATEST chromedriver version for google-chrome
2023-11-21 21:23:01,698 - INFO - Get LATEST chromedriver version for google-chrome
2023-11-21 21:23:01,749 - INFO - Driver [C:\Users\nrnye\.wdm\drivers\chromedriver\win64\119.0.6045.105\chromedriver-win32/chromedriver.exe] found in cache
2023-12-04 20:01:32,357 - INFO - ====== WebDriver manager ======
2023-12-04 20:01:33,495 - INFO - Get LATEST chromedriver version for google-chrome
2023-12-04 20:01:33,767 - INFO - Get LATEST chromedriver version for google-chrome
2023-12-04 20:01:33,821 - INFO - Get LATEST chromedriver version for google-chrome
2023-12-04 20:01:33,924 - INFO - WebDriver version 119.0.6045.105 selected
2023-12-04 20:01:33,924 - INFO - Modern chrome version https://edgedl.me.gvt1.com/edgedl/chrome/chrome-for-testing/119.0.6045.105/win32/chromedriver-win32.zip
2023-12-04 20:01:33,924 - INFO - About to download new driver from https://edgedl.me.gvt1.com/edgedl/chrome/chrome-for-testing/119.0.6045.105/win32/chromedriver-win32.zip
2023-12-04 20:01:34,013 - INFO - Driver downloading response is 200
2023-12-04 20:01:34,613 - INFO - Get LATEST chromedriver version for google-chrome
2023-12-04 20:01:34,752 - INFO - Driver has been saved in cache [C:\Users\nrnye\.wdm\drivers\chromedriver\win64\119.0.6045.105]
2023-12-04 20:10:17,316 - INFO - ====== WebDriver manager ======
2023-12-04 20:10:18,513 - INFO - Get LATEST chromedriver version for google-chrome
2023-12-04 20:10:18,570 - INFO - Get LATEST chromedriver version for google-chrome
2023-12-04 20:10:18,613 - INFO - Driver [C:\Users\nrnye\.wdm\drivers\chromedriver\win64\119.0.6045.105\chromedriver-win32/chromedriver.exe] found in cache
2023-12-04 20:14:37,111 - INFO - ====== WebDriver manager ======
2023-12-04 20:14:37,749 - INFO - Get LATEST chromedriver version for google-chrome
2023-12-04 20:14:37,796 - INFO - Get LATEST chromedriver version for google-chrome
2023-12-04 20:14:37,851 - INFO - Driver [C:\Users\nrnye\.wdm\drivers\chromedriver\win64\119.0.6045.105\chromedriver-win32/chromedriver.exe] found in cache
2023-12-04 20:17:46,862 - INFO - ====== WebDriver manager ======
2023-12-04 20:17:47,502 - INFO - Get LATEST chromedriver version for google-chrome
2023-12-04 20:17:47,556 - INFO - Get LATEST chromedriver version for google-chrome
2023-12-04 20:17:47,610 - INFO - Driver [C:\Users\nrnye\.wdm\drivers\chromedriver\win64\119.0.6045.105\chromedriver-win32/chromedriver.exe] found in cache
2023-12-04 20:19:34,087 - INFO - ====== WebDriver manager ======
2023-12-04 20:19:34,712 - INFO - Get LATEST chromedriver version for google-chrome
2023-12-04 20:19:34,764 - INFO - Get LATEST chromedriver version for google-chrome
2023-12-04 20:19:34,815 - INFO - Driver [C:\Users\nrnye\.wdm\drivers\chromedriver\win64\119.0.6045.105\chromedriver-win32/chromedriver.exe] found in cache
