2023-11-30 20:44:55,847:INFO:Successfully read paths from JSON.
2023-11-30 20:44:57,082:INFO:Successfully loaded market data from D:/MarketMasterAI/Def/BTCUSDT_5T.csv.
2023-11-30 20:44:57,232:INFO:Successfully calculated technical indicators.
2023-11-30 20:44:57,232:INFO:Successfully determined market trends.
2023-11-30 20:44:57,240:INFO:Successfully wrote analysis results to D:/MarketMasterAI/bin/Technical.json.
2023-11-30 21:22:23,493:INFO:Successfully read paths from JSON.
2023-11-30 21:22:24,675:INFO:Successfully loaded market data from D:/MarketMasterAI/Def/BTCUSDT_5T.csv.
2023-11-30 21:22:25,159:INFO:Successfully calculated technical indicators.
2023-11-30 21:22:25,159:INFO:Successfully determined market trends.
2023-11-30 21:22:25,180:INFO:Successfully wrote analysis results to D:/MarketMasterAI/bin/Technical.json.
2023-11-30 21:41:11,596:INFO:Successfully read paths from JSON.
2023-11-30 21:41:12,237:INFO:Successfully loaded market data from D:/MarketMasterAI/Def/BTCUSDT_5T.csv.
2023-11-30 21:41:12,713:INFO:Successfully calculated technical indicators.
2023-11-30 21:41:12,713:INFO:Successfully determined market trends.
2023-11-30 21:41:12,721:INFO:Successfully wrote analysis results to D:/MarketMasterAI/bin/Technical.json.
2023-12-02 11:49:32,380:INFO:Successfully read paths from JSON.
2023-12-02 11:49:34,453:INFO:Successfully loaded market data from D:/MarketMasterAI/Def/BTCUSDT_5T.csv.
2023-12-02 11:49:35,104:INFO:Successfully calculated technical indicators.
2023-12-02 11:49:35,104:INFO:Successfully determined market trends.
2023-12-02 11:49:35,121:INFO:Successfully wrote analysis results to D:/MarketMasterAI/bin/Technical.json.
2023-12-02 11:55:28,759:INFO:Successfully read paths from JSON.
2023-12-02 11:55:29,600:INFO:Successfully loaded market data from D:/MarketMasterAI/Def/BTCUSDT_5T.csv.
2023-12-02 11:55:30,173:INFO:Successfully calculated technical indicators.
2023-12-02 11:55:30,173:INFO:Successfully determined market trends.
2023-12-02 11:55:30,184:INFO:Successfully wrote analysis results to D:/MarketMasterAI/bin/Technical.json.
2023-12-04 20:31:10,974:INFO:Successfully read paths from JSON.
2023-12-04 20:31:11,447:INFO:Successfully loaded market data from D:/MarketMasterAI/Def/BTCUSDT_5T.csv.
2023-12-04 20:31:11,660:INFO:Successfully calculated technical indicators.
2023-12-04 20:31:11,660:INFO:Successfully determined market trends.
2023-12-04 20:31:11,660:INFO:Successfully wrote analysis results to D:/MarketMasterAI/bin/Technical.json.
